<?xml version="1.0" encoding="utf-8"?>

<!--
	The following tests evaluate the correctness of the direct illumination integrator and
	the average visibility integrator in the sponza scene tests.
-->

<test type="ttest">
	<string name="references" value="0.0398215,0.595278"/>

	<!-- Test 1: point light in sponza scene -->
	<scene>
		<!-- Independent sample generator, user-selected samples per pixel -->
		<sampler type="independent">
			<integer name="sampleCount" value="4"/>
		</sampler>

		<!-- Use the direct illumination integrator -->
		<integrator type="direct"/>

		<!-- Render the scene as viewed by a perspective camera -->
		<camera type="perspective">
			<transform name="toWorld">
				<lookat target="-11, 5, 0" 
					origin="15, 1, 0"
					up="0, 1, 0"/>
			</transform>

			<!-- Field of view: 40 degrees -->
			<float name="fov" value="40"/>

			<integer name="width" value="1"/>
			<integer name="height" value="1"/>
		</camera>

		<!-- Illuminate using a point light -->
		<emitter type="point">
			<point name="position" value = "-8,5,0"/>
			<color name="power" value="500,250,250"/>
		</emitter>

		<mesh type="obj">
			<string name="filename" value="sponza.obj"/>

			<bsdf type="diffuse">
				<color name="albedo" value=".8,.8,.8"/>
			</bsdf>
		</mesh>

	</scene>


	<!-- Test 1: average visibility in sponza scene -->
	<scene>
		<!-- Independent sample generator, user-selected samples per pixel -->
		<sampler type="independent">
			<integer name="sampleCount" value="1024"/>
		</sampler>

		<!-- Use the average visibility integrator -->
		<integrator type="av">
			<float name="length" value="5"/>
		</integrator>

		<!-- Render the scene as viewed by a perspective camera -->
		<camera type="perspective">
			<transform name="toWorld">
				<lookat target="-11, 5, 0" 
					origin="15, 1, 0"
					up="0, 1, 0"/>
			</transform>

			<!-- Field of view: 40 degrees -->
			<float name="fov" value="40"/>

			<integer name="width" value="1"/>
			<integer name="height" value="1"/>
		</camera>

		<mesh type="obj">
			<string name="filename" value="sponza.obj"/>

			<bsdf type="diffuse">
				<color name="albedo" value=".8,.8,.8"/>
			</bsdf>
		</mesh>

	</scene>

</test>
