<?xml version="1.0" encoding="utf-8"?>

<!--
	Opposing disks

	This test has the camera located at 0 looking down to the center of a disk with radius r.
	Above that disk (at distance d along y-axis) there is another disk with the same radius.
	The visibility at the center of the bottom disk can be computed analytically with:
	
	v = 2 * Pi * d / sqrt(d*d+r*r)

	The following tests evaluate the correctness of the average visibility integrator by 
	changing d and r.
-->

<test type="ttest">
	<string name="references" value="0.894427191 0.70710678118 0.70710678118 1"/>

	<!-- Test 1: d=2,r=1 => res=2/sqrt(2^2+1^2) -->
	<scene>
		<integrator type="av">
			<float name="length" value="1000"/>
		</integrator>

		<camera type="perspective">
			<transform name="toWorld">
				<lookat target="0, -1, 0"  origin="0, 0, 0" up="0, 0, 1"/>
			</transform>

			<float name="fov" value="1"/>
			<integer name="width" value="1"/>
			<integer name="height" value="1"/>
		</camera>

		<mesh type="obj">
			<string name="filename" value="disk.obj"/>
			<transform name="toWorld">
				<translate value="0,1,0"/>
			</transform>
		</mesh>
		<mesh type="obj">
			<string name="filename" value="disk.obj"/>
			<transform name="toWorld">
				<translate value="0,-1,0"/>
			</transform>
		</mesh>
	</scene>


	<!-- Test 2: d=1,r=1 => res=1/sqrt(1^2+1^2) -->
	<scene>
		<integrator type="av">
			<float name="length" value="1000"/>
		</integrator>

		<camera type="perspective">
			<transform name="toWorld">
				<lookat target="0, -1, 0"
					origin="0, 0, 0"
					up="0, 0, 1"/>
			</transform>

			<float name="fov" value="1"/>
			<integer name="width" value="1"/>
			<integer name="height" value="1"/>
		</camera>

		<mesh type="obj">
			<string name="filename" value="disk.obj"/>
			<transform name="toWorld">
				<translate value="0,0.5,0"/>
			</transform>
		</mesh>
		<mesh type="obj">
			<string name="filename" value="disk.obj"/>
			<transform name="toWorld">
				<translate value="0,-0.5,0"/>
			</transform>
		</mesh>
	</scene>

	<!-- Test 3: d=2,r=2 => res=2/sqrt(2^2+2^2) -->
	<scene>
		<integrator type="av">
			<float name="length" value="1000"/>
		</integrator>

		<camera type="perspective">
			<transform name="toWorld">
				<lookat target="0, -1, 0"
					origin="0, 0, 0"
					up="0, 0, 1"/>
			</transform>

			<float name="fov" value="1"/>
			<integer name="width" value="1"/>
			<integer name="height" value="1"/>
		</camera>

		<mesh type="obj">
			<string name="filename" value="disk.obj"/>
			<transform name="toWorld">
				<scale value="2,2,2"/>
				<translate value="0,1,0"/>
			</transform>
		</mesh>
		<mesh type="obj">
			<string name="filename" value="disk.obj"/>
			<transform name="toWorld">
				<scale value="2,2,2"/>
				<translate value="0,-1,0"/>
			</transform>
		</mesh>
	</scene>


	<!-- Test 4: no occluder in range -->
	<scene>
		<integrator type="av">
			<float name="length" value="1.99"/>
		</integrator>

		<camera type="perspective">
			<transform name="toWorld">
				<lookat target="0, -1, 0"
					origin="0, 0, 0"
					up="0, 0, 1"/>
			</transform>

			<float name="fov" value="1"/>
			<integer name="width" value="1"/>
			<integer name="height" value="1"/>
		</camera>

		<mesh type="obj">
			<string name="filename" value="disk.obj"/>
			<transform name="toWorld">
				<scale value="2,2,2"/>
				<translate value="0,1,0"/>
			</transform>
		</mesh>
		<mesh type="obj">
			<string name="filename" value="disk.obj"/>
			<transform name="toWorld">
				<scale value="2,2,2"/>
				<translate value="0,-1,0"/>
			</transform>
		</mesh>
	</scene>
</test>
